# JRE version: Java(TM) SE Runtime Environment (8.0_91-b15) (build 1.8.0_91-b15)
# Java VM: Java HotSpot(TM) 64-Bit Server VM (25.91-b15 mixed mode windows-amd64 compressed oops)
Heap:
 PSYoungGen      total 330752K, used 167476K [0x00000000d5d80000, 0x00000000ec780000, 0x0000000100000000)
  eden space 316416K, 48% used [0x00000000d5d80000,0x00000000df322110,0x00000000e9280000)
  from space 14336K, 99% used [0x00000000eb980000,0x00000000ec76afb0,0x00000000ec780000)
  to   space 19456K, 0% used [0x00000000ea180000,0x00000000ea180000,0x00000000eb480000)
 ParOldGen       total 94208K, used 22197K [0x0000000081800000, 0x0000000087400000, 0x00000000d5d80000)
  object space 94208K, 23% used [0x0000000081800000,0x0000000082dad6e8,0x0000000087400000)
 Metaspace       used 50709K, capacity 53000K, committed 53120K, reserved 1095680K
  class space    used 6880K, capacity 7282K, committed 7296K, reserved 1048576K
GC Heap History (10 events):
Event: 2.441 GC heap before
{Heap before GC invocations=6 (full 1):
 PSYoungGen      total 138240K, used 133120K [0x00000000d5d80000, 0x00000000de980000, 0x0000000100000000)
  eden space 133120K, 100% used [0x00000000d5d80000,0x00000000ddf80000,0x00000000ddf80000)
  from space 5120K, 0% used [0x00000000de480000,0x00000000de480000,0x00000000de980000)
  to   space 5120K, 0% used [0x00000000ddf80000,0x00000000ddf80000,0x00000000de480000)
 ParOldGen       total 55808K, used 6432K [0x0000000081800000, 0x0000000084e80000, 0x00000000d5d80000)
  object space 55808K, 11% used [0x0000000081800000,0x0000000081e482f8,0x0000000084e80000)
 Metaspace       used 25329K, capacity 26269K, committed 26496K, reserved 1073152K
  class space    used 3422K, capacity 3639K, committed 3712K, reserved 1048576K
Event: 2.452 GC heap after
Heap after GC invocations=6 (full 1):
 PSYoungGen      total 138240K, used 5113K [0x00000000d5d80000, 0x00000000e4c80000, 0x0000000100000000)
  eden space 133120K, 0% used [0x00000000d5d80000,0x00000000d5d80000,0x00000000ddf80000)
  from space 5120K, 99% used [0x00000000ddf80000,0x00000000de47e760,0x00000000de480000)
  to   space 12800K, 0% used [0x00000000e4000000,0x00000000e4000000,0x00000000e4c80000)
 ParOldGen       total 55808K, used 12520K [0x0000000081800000, 0x0000000084e80000, 0x00000000d5d80000)
  object space 55808K, 22% used [0x0000000081800000,0x000000008243a200,0x0000000084e80000)
 Metaspace       used 25329K, capacity 26269K, committed 26496K, reserved 1073152K
  class space    used 3422K, capacity 3639K, committed 3712K, reserved 1048576K
}
Event: 3.033 GC heap before
{Heap before GC invocations=7 (full 1):
 PSYoungGen      total 138240K, used 138233K [0x00000000d5d80000, 0x00000000e4c80000, 0x0000000100000000)
  eden space 133120K, 100% used [0x00000000d5d80000,0x00000000ddf80000,0x00000000ddf80000)
  from space 5120K, 99% used [0x00000000ddf80000,0x00000000de47e760,0x00000000de480000)
  to   space 12800K, 0% used [0x00000000e4000000,0x00000000e4000000,0x00000000e4c80000)
 ParOldGen       total 55808K, used 12520K [0x0000000081800000, 0x0000000084e80000, 0x00000000d5d80000)
  object space 55808K, 22% used [0x0000000081800000,0x000000008243a200,0x0000000084e80000)
 Metaspace       used 29505K, capacity 30563K, committed 30720K, reserved 1075200K
  class space    used 4028K, capacity 4248K, committed 4352K, reserved 1048576K
Event: 3.043 GC heap after
Heap after GC invocations=7 (full 1):
 PSYoungGen      total 226816K, used 12779K [0x00000000d5d80000, 0x00000000e4d80000, 0x0000000100000000)
  eden space 214016K, 0% used [0x00000000d5d80000,0x00000000d5d80000,0x00000000e2e80000)
  from space 12800K, 99% used [0x00000000e4000000,0x00000000e4c7add8,0x00000000e4c80000)
  to   space 15872K, 0% used [0x00000000e2e80000,0x00000000e2e80000,0x00000000e3e00000)
 ParOldGen       total 55808K, used 13766K [0x0000000081800000, 0x0000000084e80000, 0x00000000d5d80000)
  object space 55808K, 24% used [0x0000000081800000,0x0000000082571968,0x0000000084e80000)
 Metaspace       used 29505K, capacity 30563K, committed 30720K, reserved 1075200K
  class space    used 4028K, capacity 4248K, committed 4352K, reserved 1048576K
}
Event: 3.594 GC heap before
{Heap before GC invocations=8 (full 1):
 PSYoungGen      total 226816K, used 119007K [0x00000000d5d80000, 0x00000000e4d80000, 0x0000000100000000)
  eden space 214016K, 49% used [0x00000000d5d80000,0x00000000dc53d008,0x00000000e2e80000)
  from space 12800K, 99% used [0x00000000e4000000,0x00000000e4c7add8,0x00000000e4c80000)
  to   space 15872K, 0% used [0x00000000e2e80000,0x00000000e2e80000,0x00000000e3e00000)
 ParOldGen       total 55808K, used 13766K [0x0000000081800000, 0x0000000084e80000, 0x00000000d5d80000)
  object space 55808K, 24% used [0x0000000081800000,0x0000000082571968,0x0000000084e80000)
 Metaspace       used 33899K, capacity 35412K, committed 35496K, reserved 1079296K
  class space    used 4571K, capacity 4864K, committed 4864K, reserved 1048576K
Event: 3.606 GC heap after
Heap after GC invocations=8 (full 1):
 PSYoungGen      total 229888K, used 15866K [0x00000000d5d80000, 0x00000000ecb80000, 0x0000000100000000)
  eden space 214016K, 0% used [0x00000000d5d80000,0x00000000d5d80000,0x00000000e2e80000)
  from space 15872K, 99% used [0x00000000e2e80000,0x00000000e3dfeb00,0x00000000e3e00000)
  to   space 18432K, 0% used [0x00000000eb980000,0x00000000eb980000,0x00000000ecb80000)
 ParOldGen       total 55808K, used 14030K [0x0000000081800000, 0x0000000084e80000, 0x00000000d5d80000)
  object space 55808K, 25% used [0x0000000081800000,0x00000000825b3a40,0x0000000084e80000)
 Metaspace       used 33899K, capacity 35412K, committed 35496K, reserved 1079296K
  class space    used 4571K, capacity 4864K, committed 4864K, reserved 1048576K
}
Event: 3.606 GC heap before
{Heap before GC invocations=9 (full 2):
 PSYoungGen      total 229888K, used 15866K [0x00000000d5d80000, 0x00000000ecb80000, 0x0000000100000000)
  eden space 214016K, 0% used [0x00000000d5d80000,0x00000000d5d80000,0x00000000e2e80000)
  from space 15872K, 99% used [0x00000000e2e80000,0x00000000e3dfeb00,0x00000000e3e00000)
  to   space 18432K, 0% used [0x00000000eb980000,0x00000000eb980000,0x00000000ecb80000)
 ParOldGen       total 55808K, used 14030K [0x0000000081800000, 0x0000000084e80000, 0x00000000d5d80000)
  object space 55808K, 25% used [0x0000000081800000,0x00000000825b3a40,0x0000000084e80000)
 Metaspace       used 33899K, capacity 35412K, committed 35496K, reserved 1079296K
  class space    used 4571K, capacity 4864K, committed 4864K, reserved 1048576K
Event: 3.674 GC heap after
Heap after GC invocations=9 (full 2):
 PSYoungGen      total 229888K, used 0K [0x00000000d5d80000, 0x00000000ecb80000, 0x0000000100000000)
  eden space 214016K, 0% used [0x00000000d5d80000,0x00000000d5d80000,0x00000000e2e80000)
  from space 15872K, 0% used [0x00000000e2e80000,0x00000000e2e80000,0x00000000e3e00000)
  to   space 18432K, 0% used [0x00000000eb980000,0x00000000eb980000,0x00000000ecb80000)
 ParOldGen       total 94208K, used 22189K [0x0000000081800000, 0x0000000087400000, 0x00000000d5d80000)
  object space 94208K, 23% used [0x0000000081800000,0x0000000082dab6e8,0x0000000087400000)
 Metaspace       used 33899K, capacity 35412K, committed 35496K, reserved 1079296K
  class space    used 4571K, capacity 4864K, committed 4864K, reserved 1048576K
}
Event: 6.269 GC heap before
{Heap before GC invocations=10 (full 2):
 PSYoungGen      total 229888K, used 214016K [0x00000000d5d80000, 0x00000000ecb80000, 0x0000000100000000)
  eden space 214016K, 100% used [0x00000000d5d80000,0x00000000e2e80000,0x00000000e2e80000)
  from space 15872K, 0% used [0x00000000e2e80000,0x00000000e2e80000,0x00000000e3e00000)
  to   space 18432K, 0% used [0x00000000eb980000,0x00000000eb980000,0x00000000ecb80000)
 ParOldGen       total 94208K, used 22189K [0x0000000081800000, 0x0000000087400000, 0x00000000d5d80000)
  object space 94208K, 23% used [0x0000000081800000,0x0000000082dab6e8,0x0000000087400000)
 Metaspace       used 43205K, capacity 45272K, committed 45440K, reserved 1089536K
  class space    used 5797K, capacity 6174K, committed 6272K, reserved 1048576K
Event: 6.294 GC heap after
Heap after GC invocations=10 (full 2):
 PSYoungGen      total 330752K, used 14251K [0x00000000d5d80000, 0x00000000ec780000, 0x0000000100000000)
  eden space 316416K, 0% used [0x00000000d5d80000,0x00000000d5d80000,0x00000000e9280000)
  from space 14336K, 99% used [0x00000000eb980000,0x00000000ec76afb0,0x00000000ec780000)
  to   space 19456K, 0% used [0x00000000ea180000,0x00000000ea180000,0x00000000eb480000)
 ParOldGen       total 94208K, used 22197K [0x0000000081800000, 0x0000000087400000, 0x00000000d5d80000)
  object space 94208K, 23% used [0x0000000081800000,0x0000000082dad6e8,0x0000000087400000)
 Metaspace       used 43205K, capacity 45272K, committed 45440K, reserved 1089536K
  class space    used 5797K, capacity 6174K, committed 6272K, reserved 1048576K
}

